<?xml version="1.0" encoding="UTF-8"?>
<!-- Generated by org.testng.reporters.JUnitReportReporter -->
<testsuite hostname="Faspay-Sysdev-AgusPriyono" failures="0" tests="1" name="com.tia.cucumber.step_definitions.RunnerTest" time="33.176" errors="0" timestamp="2023-02-05T22:51:00 WIB" skipped="0">
  <testcase classname="com.tia.cucumber.step_definitions.RunnerTest" name="runScenario" time="33.176"/>
  <system-out/>
</testsuite> <!-- com.tia.cucumber.step_definitions.RunnerTest -->
