<?xml version="1.0" encoding="UTF-8"?>
<!-- Generated by org.testng.reporters.JUnitReportReporter -->
<testsuite hostname="Faspay-Sysdev-AgusPriyono" failures="0" tests="1" name="com.tia.cucumber.tugas.RunnerTest" time="22.968" errors="0" timestamp="2023-01-27T20:49:08 WIB" skipped="0">
  <testcase classname="com.tia.cucumber.tugas.RunnerTest" name="runScenario" time="22.968"/>
  <system-out/>
</testsuite> <!-- com.tia.cucumber.tugas.RunnerTest -->
