<?xml version="1.0" encoding="UTF-8"?>
<!-- Generated by org.testng.reporters.JUnitReportReporter -->
<testsuite hostname="Faspay-Sysdev-AgusPriyono" failures="0" tests="1" name="com.tia.cucumber.RunnerTest" time="0.077" errors="0" timestamp="2023-01-27T10:14:01 WIB" skipped="0">
  <testcase classname="com.tia.cucumber.RunnerTest" name="runScenario" time="0.077"/>
  <system-out/>
</testsuite> <!-- com.tia.cucumber.RunnerTest -->
