<?xml version="1.0" encoding="UTF-8"?>
<!-- Generated by org.testng.reporters.JUnitReportReporter -->
<testsuite hostname="Faspay-Sysdev-AgusPriyono" failures="0" tests="2" name="com.tia.cucumber.step_definitions.RunnerTest" time="14.550" errors="0" timestamp="2023-02-05T19:37:35 WIB" skipped="0">
  <testcase classname="com.tia.cucumber.step_definitions.RunnerTest" name="runScenario" time="12.914"/>
  <system-out/>
  <testcase classname="com.tia.cucumber.step_definitions.RunnerTest" name="runScenario" time="1.636"/>
  <system-out/>
</testsuite> <!-- com.tia.cucumber.step_definitions.RunnerTest -->
